- info Creating an optimized production build...
- info Compiled successfully
- info Linting and checking validity of types...
- error ESLint must be installed in order to run during builds: yarn add --dev eslint
- info Collecting page data...
(node:56763) [MODULE_NOT_FOUND] Error: @types/react tried to access scheduler, but it isn't declared in its dependencies; this makes the require call ambiguous and unsound.
(Use `node --trace-warnings ...` to show where the warning was created)
(node:56763) [MODULE_NOT_FOUND] Error: @types/react-dom tried to access react, but it isn't declared in its dependencies; this makes the require call ambiguous and unsound.
- info Generating static pages (0/4)
- info Generating static pages (1/4)
- info Generating static pages (2/4)
- info Generating static pages (3/4)
- info Generating static pages (4/4)
- info Finalizing page optimization...

Route (app)                                Size     First Load JS
┌ ○ /                                      4.95 kB        82.2 kB
└ ○ /favicon.ico                           0 B                0 B
+ First Load JS shared by all              77.3 kB
  ├ chunks/557-774288beb30aaa09.js         24.9 kB
  ├ chunks/81ead935-0eb2bc610c95a637.js    50.5 kB
  ├ chunks/main-app-f391a00e715f88f9.js    216 B
  └ chunks/webpack-4e1473a5f6694102.js     1.68 kB

Route (pages)                              Size     First Load JS
─ ○ /404                                   181 B          74.9 kB
+ First Load JS shared by all              74.8 kB
  ├ chunks/framework-6dcfea47811d4907.js   45.1 kB
  ├ chunks/main-0745931510c907e9.js        27.8 kB
  ├ chunks/pages/_app-ea14e3168071e434.js  192 B
  └ chunks/webpack-4e1473a5f6694102.js     1.68 kB

○  (Static)  automatically rendered as static HTML (uses no initial props)

